<?xml version="1.0" encoding="UTF-8"?>
<!-- Generated by org.testng.reporters.JUnitReportReporter -->
<testsuite hostname="Rishabhs-MacBook-Pro.local" failures="0" tests="2" name="CreateUserTestCase" time="23.131" errors="0" timestamp="2022-01-21T21:12:57 AEDT" skipped="0">
  <testcase classname="CreateUserTestCase" name="createWarriorAndLogin" time="13.067"/>
  <system-out/>
  <testcase classname="CreateUserTestCase" name="doSomeChallenges" time="10.064"/>
  <system-out/>
</testsuite> <!-- CreateUserTestCase -->
